[33m[INFO] [System] Connected with Firebase Admin[39m
[33m[INFO] [System] Connected with MongoDB Database[39m
[33m[INFO] [System] Prisma Client connected successfully!![39m
[33m[INFO] [System] Connected with Firebase Admin[39m
[31m[ERROR] [System] Error connecting to Firebase Admin: Invalid scheme, expected connection string to start with "mongodb://" or "mongodb+srv://"[39m
[33m[INFO] [System] Prisma Client connected successfully!![39m
[33m[INFO] [System] Connected with Firebase Admin[39m
[31m[ERROR] [System] Error connecting to Firebase Admin: Invalid scheme, expected connection string to start with "mongodb://" or "mongodb+srv://"[39m
[33m[INFO] [System] Prisma Client connected successfully!![39m
[33m[INFO] [System] Connected with Firebase Admin[39m
[31m[ERROR] [System] Error connecting to Firebase Admin: Invalid scheme, expected connection string to start with "mongodb://" or "mongodb+srv://"[39m
[33m[INFO] [System] Prisma Client connected successfully!![39m
[33m[INFO] [System] Connected with Firebase Admin[39m
[31m[ERROR] [System] Error connecting to Firebase Admin: Invalid scheme, expected connection string to start with "mongodb://" or "mongodb+srv://"[39m
[33m[INFO] [System] Prisma Client connected successfully!![39m
[33m[INFO] [System] Connected with Firebase Admin[39m
[31m[ERROR] [System] Error connecting to Firebase Admin: Invalid scheme, expected connection string to start with "mongodb://" or "mongodb+srv://"[39m
[33m[INFO] [System] Prisma Client connected successfully!![39m
[33m[INFO] [System] Connected with Firebase Admin[39m
[33m[INFO] [System] Connected with MongoDB Database[39m
[33m[INFO] [System] Prisma Client connected successfully!![39m
[33m[INFO] [System] Connected with Firebase Admin[39m
[33m[INFO] [System] Connected with MongoDB Database[39m
[33m[INFO] [System] Prisma Client connected successfully!![39m
[33m[INFO] [System] Connected with Firebase Admin[39m
[33m[INFO] [System] Connected with MongoDB Database[39m
[33m[INFO] [System] Prisma Client connected successfully!![39m
[33m[INFO] [System] Connected with Firebase Admin[39m
[33m[INFO] [System] Connected with MongoDB Database[39m
[33m[INFO] [System] Prisma Client connected successfully!![39m
[33m[INFO] [System] Connected with Firebase Admin[39m
[33m[INFO] [System] Connected with MongoDB Database[39m
[33m[INFO] [System] Prisma Client connected successfully!![39m
[33m[INFO] [System] Connected with Firebase Admin[39m
[33m[INFO] [System] Connected with MongoDB Database[39m
[33m[INFO] [System] Prisma Client connected successfully!![39m
[33m[INFO] [System] Connected with Firebase Admin[39m
[33m[INFO] [System] Connected with MongoDB Database[39m
[33m[INFO] [System] Prisma Client connected successfully!![39m
[33m[INFO] [System] Connected with Firebase Admin[39m
[33m[INFO] [System] Connected with MongoDB Database[39m
[33m[INFO] [System] Prisma Client connected successfully!![39m
[33m[INFO] [System] Connected with Firebase Admin[39m
[33m[INFO] [System] Connected with MongoDB Database[39m
[33m[INFO] [System] Prisma Client connected successfully!![39m
[33m[INFO] [System] Connected with Firebase Admin[39m
[33m[INFO] [System] Connected with MongoDB Database[39m
[33m[INFO] [System] Prisma Client connected successfully!![39m
[33m[INFO] [System] Connected with Firebase Admin[39m
[33m[INFO] [System] Connected with MongoDB Database[39m
[33m[INFO] [System] Prisma Client connected successfully!![39m
[33m[INFO] [System] Connected with Firebase Admin[39m
[33m[INFO] [System] Connected with MongoDB Database[39m
[33m[INFO] [System] Prisma Client connected successfully!![39m
[33m[INFO] [System] Connected with Firebase Admin[39m
[33m[INFO] [System] Connected with MongoDB Database[39m
[33m[INFO] [System] Prisma Client connected successfully!![39m
[33m[INFO] [System] Connected with Firebase Admin[39m
[33m[INFO] [System] Connected with MongoDB Database[39m
[33m[INFO] [System] Prisma Client connected successfully!![39m
[33m[INFO] [System] Connected with Firebase Admin[39m
[33m[INFO] [System] Connected with MongoDB Database[39m
[33m[INFO] [System] Prisma Client connected successfully!![39m
[33m[INFO] [System] Connected with Firebase Admin[39m
[33m[INFO] [System] Connected with MongoDB Database[39m
[33m[INFO] [System] Prisma Client connected successfully!![39m
[33m[INFO] [System] Connected with Firebase Admin[39m
[31m[ERROR] [System] Error connecting to MongoDB: option keepalive is not supported[39m
[33m[INFO] [System] Prisma Client connected successfully!![39m
[33m[INFO] [System] Connected with Firebase Admin[39m
[33m[INFO] [System] Prisma Client connected successfully!![39m
[33m[INFO] [System] Connected with Firebase Admin[39m
[33m[INFO] [System] Connected with MongoDB Database[39m
[33m[INFO] [System] Prisma Client connected successfully!![39m
[33m[INFO] [System] Connected with Firebase Admin[39m
[33m[INFO] [System] Connected with MongoDB Database[39m
[33m[INFO] [System] Prisma Client connected successfully!![39m
[33m[INFO] [System] Connected with Firebase Admin[39m
[33m[INFO] [System] Prisma Client connected successfully!![39m
[33m[INFO] [System] Connected with Firebase Admin[39m
[33m[INFO] [System] Prisma Client connected successfully!![39m
[33m[INFO] [System] Connected with Firebase Admin[39m
[33m[INFO] [System] Prisma Client connected successfully!![39m
[33m[INFO] [System] Connected with Firebase Admin[39m
[33m[INFO] [System] Prisma Client connected successfully!![39m
[33m[INFO] [System] Connected with Firebase Admin[39m
[33m[INFO] [System] Prisma Client connected successfully!![39m
[33m[INFO] [System] Connected with Firebase Admin[39m
[33m[INFO] [System] Prisma Client connected successfully!![39m
[33m[INFO] [System] Connected with Firebase Admin[39m
[33m[INFO] [System] Prisma Client connected successfully!![39m
[33m[INFO] [System] Connected with Firebase Admin[39m
[33m[INFO] [System] Prisma Client connected successfully!![39m
[33m[INFO] [System] Connected with Firebase Admin[39m
[33m[INFO] [System] Prisma Client connected successfully!![39m
[33m[INFO] [System] Connected with Firebase Admin[39m
[33m[INFO] [System] Prisma Client connected successfully!![39m
[33m[INFO] [System] Connected with Firebase Admin[39m
[33m[INFO] [System] Prisma Client connected successfully!![39m
[33m[INFO] [System] Connected with Firebase Admin[39m
[33m[INFO] [System] Prisma Client connected successfully!![39m
[33m[INFO] [System] Connected with Firebase Admin[39m
[33m[INFO] [System] Prisma Client connected successfully!![39m
[33m[INFO] [System] Connected with Firebase Admin[39m
[33m[INFO] [System] Prisma Client connected successfully!![39m
[33m[INFO] [System] Connected with Firebase Admin[39m
[33m[INFO] [System] Prisma Client connected successfully!![39m
[33m[INFO] [System] Connected with Firebase Admin[39m
[33m[INFO] [System] Prisma Client connected successfully!![39m
[31m[ERROR] [System] Error connecting to MongoDB: 4088CE01687D0000:error:0A000438:SSL routines:ssl3_read_bytes:tlsv1 alert internal error:../deps/openssl/openssl/ssl/record/rec_layer_s3.c:1590:SSL alert number 80
[39m
[33m[INFO] [System] Connected with Firebase Admin[39m
[33m[INFO] [System] Prisma Client connected successfully!![39m
[33m[INFO] [System] Connected with Firebase Admin[39m
[33m[INFO] [System] Prisma Client connected successfully!![39m
[33m[INFO] [System] Connected with Firebase Admin[39m
[33m[INFO] [System] Prisma Client connected successfully!![39m
[33m[INFO] [System] Connected with Firebase Admin[39m
[33m[INFO] [System] Prisma Client connected successfully!![39m
[33m[INFO] [System] Connected with Firebase Admin[39m
[33m[INFO] [System] Prisma Client connected successfully!![39m
[33m[INFO] [System] Connected with Firebase Admin[39m
[33m[INFO] [System] Connected with MongoDB Database[39m
[33m[INFO] [System] Prisma Client connected successfully!![39m
[34m[DEBUG] [User-Controller] Account created with id:JeaoQJOR63d05CCyJMfASg86w8r2[39m
[34m[DEBUG] [User-Controller] Account not created with reason: API key not valid. Please pass a valid API key.[39m
[33m[INFO] [System] Connected with Firebase Admin[39m
[33m[INFO] [System] Connected with MongoDB Database[39m
[33m[INFO] [System] Prisma Client connected successfully!![39m
[34m[DEBUG] [User-Controller] Account not logged in with reason: API key not valid. Please pass a valid API key.[39m
[33m[INFO] [System] Connected with Firebase Admin[39m
[33m[INFO] [System] Connected with MongoDB Database[39m
[33m[INFO] [System] Prisma Client connected successfully!![39m
[34m[DEBUG] [User-Controller] Account not logged in with reason: API key not valid. Please pass a valid API key.[39m
[33m[INFO] [System] Connected with Firebase Admin[39m
[33m[INFO] [System] Connected with MongoDB Database[39m
[33m[INFO] [System] Prisma Client connected successfully!![39m
[33m[INFO] [System] Connected with Firebase Admin[39m
[33m[INFO] [System] Connected with MongoDB Database[39m
[33m[INFO] [System] Prisma Client connected successfully!![39m
[34m[DEBUG] [User-Controller] Account not logged in with reason: API key not valid. Please pass a valid API key.[39m
[33m[INFO] [System] Connected with Firebase Admin[39m
[33m[INFO] [System] Connected with MongoDB Database[39m
[33m[INFO] [System] Prisma Client connected successfully!![39m
[33m[INFO] [System] Connected with Firebase Admin[39m
[33m[INFO] [System] Connected with MongoDB Database[39m
[33m[INFO] [System] Prisma Client connected successfully!![39m
[34m[DEBUG] [User-Controller] Account not logged in with reason: EMAIL_NOT_FOUND[39m
[33m[INFO] [System] Connected with Firebase Admin[39m
[33m[INFO] [System] Connected with MongoDB Database[39m
[33m[INFO] [System] Prisma Client connected successfully!![39m
[33m[INFO] [System] Connected with Firebase Admin[39m
[33m[INFO] [System] Connected with MongoDB Database[39m
[33m[INFO] [System] Prisma Client connected successfully!![39m
[34m[DEBUG] [User-Controller] Account not logged in with reasonx: EMAIL_NOT_FOUND[39m
[33m[INFO] [System] Connected with Firebase Admin[39m
[33m[INFO] [System] Connected with MongoDB Database[39m
[33m[INFO] [System] Prisma Client connected successfully!![39m
[33m[INFO] [System] Connected with Firebase Admin[39m
[33m[INFO] [System] Connected with MongoDB Database[39m
[33m[INFO] [System] Prisma Client connected successfully!![39m
[33m[INFO] [System] Connected with Firebase Admin[39m
[33m[INFO] [System] Connected with MongoDB Database[39m
[33m[INFO] [System] Prisma Client connected successfully!![39m
[34m[DEBUG] [User-Controller] Account not logged in with reasonx: EMAIL_NOT_FOUND[39m
[34m[DEBUG] [User-Controller] Account not created with reason: Failed to determine project ID: Error while making request: getaddrinfo ENOTFOUND metadata.google.internal. Error code: ENOTFOUND[39m
[33m[INFO] [System] Connected with Firebase Admin[39m
[33m[INFO] [System] Connected with MongoDB Database[39m
[33m[INFO] [System] Prisma Client connected successfully!![39m
[33m[INFO] [System] Connected with Firebase Admin[39m
[33m[INFO] [System] Connected with MongoDB Database[39m
[33m[INFO] [System] Prisma Client connected successfully!![39m
[34m[DEBUG] [User-Controller] Account not created with reason: Failed to determine project ID: Error while making request: getaddrinfo ENOTFOUND metadata.google.internal. Error code: ENOTFOUND[39m
[33m[INFO] [System] Connected with Firebase Admin[39m
[33m[INFO] [System] Connected with MongoDB Database[39m
[33m[INFO] [System] Prisma Client connected successfully!![39m
[34m[DEBUG] [User-Controller] Account created with id:VEseBaLhvONTvOWuLiQhvT1SF2j2[39m
[33m[INFO] [System] Connected with Firebase Admin[39m
[33m[INFO] [System] Connected with MongoDB Database[39m
[33m[INFO] [System] Prisma Client connected successfully!![39m
[33m[INFO] [System] Connected with Firebase Admin[39m
[33m[INFO] [System] Connected with MongoDB Database[39m
[33m[INFO] [System] Prisma Client connected successfully!![39m
[33m[INFO] [System] Connected with Firebase Admin[39m
[33m[INFO] [System] Connected with MongoDB Database[39m
[33m[INFO] [System] Prisma Client connected successfully!![39m
